{"E:\\Personal-Project\\dali\\dali-mobile\\src\\components\\outfit\\OccasionIcon.tsx": {"path":"E:\\Personal-Project\\dali\\dali-mobile\\src\\components\\outfit\\OccasionIcon.tsx","statementMap":{"0":{"start":{"line":51,"column":99},"end":{"line":58,"column":1}},"1":{"start":{"line":63,"column":68},"end":{"line":70,"column":1}},"2":{"start":{"line":76,"column":2},"end":{"line":76,"column":33}},"3":{"start":{"line":103,"column":24},"end":{"line":103,"column":48}},"4":{"start":{"line":105,"column":2},"end":{"line":108,"column":3}},"5":{"start":{"line":107,"column":4},"end":{"line":107,"column":16}},"6":{"start":{"line":110,"column":29},"end":{"line":110,"column":68}},"7":{"start":{"line":112,"column":2},"end":{"line":128,"column":4}},"8":{"start":{"line":135,"column":2},"end":{"line":135,"column":55}},"9":{"start":{"line":138,"column":15},"end":{"line":148,"column":2}}},"fnMap":{"0":{"name":"isValidOccasionType","decl":{"start":{"line":75,"column":16},"end":{"line":75,"column":35}},"loc":{"start":{"line":75,"column":74},"end":{"line":77,"column":1}},"line":75},"1":{"name":"OccasionIcon","decl":{"start":{"line":96,"column":16},"end":{"line":96,"column":28}},"loc":{"start":{"line":102,"column":22},"end":{"line":129,"column":1}},"line":102},"2":{"name":"getAllOccasionTypes","decl":{"start":{"line":134,"column":16},"end":{"line":134,"column":35}},"loc":{"start":{"line":134,"column":54},"end":{"line":136,"column":1}},"line":134}},"branchMap":{"0":{"loc":{"start":{"line":98,"column":2},"end":{"line":98,"column":11}},"type":"default-arg","locations":[{"start":{"line":98,"column":9},"end":{"line":98,"column":11}}],"line":98},"1":{"loc":{"start":{"line":99,"column":2},"end":{"line":99,"column":24}},"type":"default-arg","locations":[{"start":{"line":99,"column":10},"end":{"line":99,"column":24}}],"line":99},"2":{"loc":{"start":{"line":100,"column":2},"end":{"line":100,"column":19}},"type":"default-arg","locations":[{"start":{"line":100,"column":14},"end":{"line":100,"column":19}}],"line":100},"3":{"loc":{"start":{"line":105,"column":2},"end":{"line":108,"column":3}},"type":"if","locations":[{"start":{"line":105,"column":2},"end":{"line":108,"column":3}},{"start":{},"end":{}}],"line":105},"4":{"loc":{"start":{"line":119,"column":7},"end":{"line":126,"column":7}},"type":"binary-expr","locations":[{"start":{"line":119,"column":7},"end":{"line":119,"column":16}},{"start":{"line":120,"column":8},"end":{"line":125,"column":15}}],"line":119}},"s":{"0":1,"1":1,"2":9,"3":26,"4":26,"5":1,"6":25,"7":25,"8":1,"9":1},"f":{"0":9,"1":26,"2":1},"b":{"0":[25],"1":[25],"2":[19],"3":[1,25],"4":[25,7]},"_coverageSchema":"1a1c01bbd47fc00a2c39e90264f33305004495a9","hash":"0f1c9a8ca7ddfe76f6d2c0063f102737b8da14a1"}
,"E:\\Personal-Project\\dali\\dali-mobile\\src\\components\\outfit\\StyleTagChip.tsx": {"path":"E:\\Personal-Project\\dali\\dali-mobile\\src\\components\\outfit\\StyleTagChip.tsx","statementMap":{"0":{"start":{"line":45,"column":16},"end":{"line":45,"column":33}},"1":{"start":{"line":47,"column":24},"end":{"line":52,"column":3}},"2":{"start":{"line":48,"column":4},"end":{"line":51,"column":7}},"3":{"start":{"line":54,"column":25},"end":{"line":59,"column":3}},"4":{"start":{"line":55,"column":4},"end":{"line":58,"column":7}},"5":{"start":{"line":61,"column":24},"end":{"line":63,"column":5}},"6":{"start":{"line":61,"column":48},"end":{"line":63,"column":3}},"7":{"start":{"line":65,"column":18},"end":{"line":65,"column":37}},"8":{"start":{"line":66,"column":20},"end":{"line":66,"column":38}},"9":{"start":{"line":67,"column":19},"end":{"line":67,"column":38}},"10":{"start":{"line":69,"column":29},"end":{"line":71,"column":21}},"11":{"start":{"line":74,"column":4},"end":{"line":82,"column":11}},"12":{"start":{"line":85,"column":2},"end":{"line":106,"column":3}},"13":{"start":{"line":86,"column":4},"end":{"line":105,"column":6}},"14":{"start":{"line":108,"column":2},"end":{"line":120,"column":4}},"15":{"start":{"line":142,"column":2},"end":{"line":144,"column":3}},"16":{"start":{"line":143,"column":4},"end":{"line":143,"column":16}},"17":{"start":{"line":147,"column":22},"end":{"line":147,"column":38}},"18":{"start":{"line":149,"column":2},"end":{"line":165,"column":4}},"19":{"start":{"line":156,"column":8},"end":{"line":162,"column":10}},"20":{"start":{"line":161,"column":38},"end":{"line":161,"column":53}},"21":{"start":{"line":188,"column":18},"end":{"line":188,"column":58}},"22":{"start":{"line":190,"column":2},"end":{"line":196,"column":4}},"23":{"start":{"line":199,"column":15},"end":{"line":222,"column":2}}},"fnMap":{"0":{"name":"SingleChip","decl":{"start":{"line":44,"column":9},"end":{"line":44,"column":19}},"loc":{"start":{"line":44,"column":72},"end":{"line":121,"column":1}},"line":44},"1":{"name":"(anonymous_1)","decl":{"start":{"line":47,"column":24},"end":{"line":47,"column":25}},"loc":{"start":{"line":47,"column":30},"end":{"line":52,"column":3}},"line":47},"2":{"name":"(anonymous_2)","decl":{"start":{"line":54,"column":25},"end":{"line":54,"column":26}},"loc":{"start":{"line":54,"column":31},"end":{"line":59,"column":3}},"line":54},"3":{"name":"(anonymous_3)","decl":{"start":{"line":61,"column":41},"end":{"line":61,"column":42}},"loc":{"start":{"line":61,"column":48},"end":{"line":63,"column":3}},"line":61},"4":{"name":"StyleTagChip","decl":{"start":{"line":136,"column":16},"end":{"line":136,"column":28}},"loc":{"start":{"line":141,"column":22},"end":{"line":166,"column":1}},"line":141},"5":{"name":"(anonymous_5)","decl":{"start":{"line":155,"column":23},"end":{"line":155,"column":24}},"loc":{"start":{"line":156,"column":8},"end":{"line":162,"column":10}},"line":156},"6":{"name":"(anonymous_6)","decl":{"start":{"line":161,"column":32},"end":{"line":161,"column":33}},"loc":{"start":{"line":161,"column":38},"end":{"line":161,"column":53}},"line":161},"7":{"name":"LegacyStyleTagChip","decl":{"start":{"line":182,"column":16},"end":{"line":182,"column":34}},"loc":{"start":{"line":186,"column":28},"end":{"line":197,"column":1}},"line":186}},"branchMap":{"0":{"loc":{"start":{"line":67,"column":19},"end":{"line":67,"column":38}},"type":"cond-expr","locations":[{"start":{"line":67,"column":31},"end":{"line":67,"column":33}},{"start":{"line":67,"column":36},"end":{"line":67,"column":38}}],"line":67},"1":{"loc":{"start":{"line":69,"column":29},"end":{"line":71,"column":21}},"type":"cond-expr","locations":[{"start":{"line":70,"column":6},"end":{"line":70,"column":21}},{"start":{"line":71,"column":6},"end":{"line":71,"column":21}}],"line":69},"2":{"loc":{"start":{"line":77,"column":8},"end":{"line":77,"column":56}},"type":"cond-expr","locations":[{"start":{"line":77,"column":18},"end":{"line":77,"column":34}},{"start":{"line":77,"column":37},"end":{"line":77,"column":56}}],"line":77},"3":{"loc":{"start":{"line":85,"column":2},"end":{"line":106,"column":3}},"type":"if","locations":[{"start":{"line":85,"column":2},"end":{"line":106,"column":3}},{"start":{},"end":{}}],"line":85},"4":{"loc":{"start":{"line":138,"column":2},"end":{"line":138,"column":19}},"type":"default-arg","locations":[{"start":{"line":138,"column":12},"end":{"line":138,"column":19}}],"line":138},"5":{"loc":{"start":{"line":139,"column":2},"end":{"line":139,"column":18}},"type":"default-arg","locations":[{"start":{"line":139,"column":9},"end":{"line":139,"column":18}}],"line":139},"6":{"loc":{"start":{"line":142,"column":2},"end":{"line":144,"column":3}},"type":"if","locations":[{"start":{"line":142,"column":2},"end":{"line":144,"column":3}},{"start":{},"end":{}}],"line":142},"7":{"loc":{"start":{"line":142,"column":6},"end":{"line":142,"column":32}},"type":"binary-expr","locations":[{"start":{"line":142,"column":6},"end":{"line":142,"column":11}},{"start":{"line":142,"column":15},"end":{"line":142,"column":32}}],"line":142},"8":{"loc":{"start":{"line":153,"column":26},"end":{"line":153,"column":67}},"type":"cond-expr","locations":[{"start":{"line":153,"column":48},"end":{"line":153,"column":56}},{"start":{"line":153,"column":59},"end":{"line":153,"column":67}}],"line":153},"9":{"loc":{"start":{"line":161,"column":19},"end":{"line":161,"column":65}},"type":"cond-expr","locations":[{"start":{"line":161,"column":32},"end":{"line":161,"column":53}},{"start":{"line":161,"column":56},"end":{"line":161,"column":65}}],"line":161},"10":{"loc":{"start":{"line":184,"column":2},"end":{"line":184,"column":19}},"type":"default-arg","locations":[{"start":{"line":184,"column":12},"end":{"line":184,"column":19}}],"line":184},"11":{"loc":{"start":{"line":185,"column":2},"end":{"line":185,"column":17}},"type":"default-arg","locations":[{"start":{"line":185,"column":9},"end":{"line":185,"column":17}}],"line":185},"12":{"loc":{"start":{"line":188,"column":18},"end":{"line":188,"column":58}},"type":"cond-expr","locations":[{"start":{"line":188,"column":37},"end":{"line":188,"column":46}},{"start":{"line":188,"column":49},"end":{"line":188,"column":58}}],"line":188}},"s":{"0":21,"1":21,"2":0,"3":21,"4":0,"5":21,"6":21,"7":21,"8":21,"9":21,"10":21,"11":21,"12":21,"13":16,"14":5,"15":13,"16":2,"17":11,"18":11,"19":17,"20":2,"21":4,"22":4,"23":1},"f":{"0":21,"1":0,"2":0,"3":21,"4":13,"5":17,"6":2,"7":4},"b":{"0":[2,19],"1":[16,5],"2":[16,5],"3":[16,5],"4":[0],"5":[11],"6":[2,11],"7":[13,12],"8":[8,3],"9":[2,15],"10":[0],"11":[2],"12":[1,3]},"_coverageSchema":"1a1c01bbd47fc00a2c39e90264f33305004495a9","hash":"9fc6fb5698e49186209d4da871f467b3595adfde"}
,"E:\\Personal-Project\\dali\\dali-mobile\\src\\components\\outfit\\icons\\BriefcaseIcon.tsx": {"path":"E:\\Personal-Project\\dali\\dali-mobile\\src\\components\\outfit\\icons\\BriefcaseIcon.tsx","statementMap":{"0":{"start":{"line":14,"column":2},"end":{"line":18,"column":4}}},"fnMap":{"0":{"name":"BriefcaseIcon","decl":{"start":{"line":13,"column":16},"end":{"line":13,"column":29}},"loc":{"start":{"line":13,"column":84},"end":{"line":19,"column":1}},"line":13}},"branchMap":{"0":{"loc":{"start":{"line":13,"column":32},"end":{"line":13,"column":41}},"type":"default-arg","locations":[{"start":{"line":13,"column":39},"end":{"line":13,"column":41}}],"line":13},"1":{"loc":{"start":{"line":13,"column":43},"end":{"line":13,"column":60}},"type":"default-arg","locations":[{"start":{"line":13,"column":51},"end":{"line":13,"column":60}}],"line":13}},"s":{"0":3},"f":{"0":3},"b":{"0":[0],"1":[0]},"_coverageSchema":"1a1c01bbd47fc00a2c39e90264f33305004495a9","hash":"9876c84523b0d9f57d147ecc9fcd0ba751ec5591"}
,"E:\\Personal-Project\\dali\\dali-mobile\\src\\components\\outfit\\icons\\BuildingIcon.tsx": {"path":"E:\\Personal-Project\\dali\\dali-mobile\\src\\components\\outfit\\icons\\BuildingIcon.tsx","statementMap":{"0":{"start":{"line":14,"column":2},"end":{"line":24,"column":4}}},"fnMap":{"0":{"name":"BuildingIcon","decl":{"start":{"line":13,"column":16},"end":{"line":13,"column":28}},"loc":{"start":{"line":13,"column":82},"end":{"line":25,"column":1}},"line":13}},"branchMap":{"0":{"loc":{"start":{"line":13,"column":31},"end":{"line":13,"column":40}},"type":"default-arg","locations":[{"start":{"line":13,"column":38},"end":{"line":13,"column":40}}],"line":13},"1":{"loc":{"start":{"line":13,"column":42},"end":{"line":13,"column":59}},"type":"default-arg","locations":[{"start":{"line":13,"column":50},"end":{"line":13,"column":59}}],"line":13}},"s":{"0":8},"f":{"0":8},"b":{"0":[0],"1":[0]},"_coverageSchema":"1a1c01bbd47fc00a2c39e90264f33305004495a9","hash":"d3a4aa0e3388ac648071cfa130c2bcfde5182a0b"}
,"E:\\Personal-Project\\dali\\dali-mobile\\src\\components\\outfit\\icons\\CoffeeIcon.tsx": {"path":"E:\\Personal-Project\\dali\\dali-mobile\\src\\components\\outfit\\icons\\CoffeeIcon.tsx","statementMap":{"0":{"start":{"line":14,"column":2},"end":{"line":21,"column":4}}},"fnMap":{"0":{"name":"CoffeeIcon","decl":{"start":{"line":13,"column":16},"end":{"line":13,"column":26}},"loc":{"start":{"line":13,"column":78},"end":{"line":22,"column":1}},"line":13}},"branchMap":{"0":{"loc":{"start":{"line":13,"column":29},"end":{"line":13,"column":38}},"type":"default-arg","locations":[{"start":{"line":13,"column":36},"end":{"line":13,"column":38}}],"line":13},"1":{"loc":{"start":{"line":13,"column":40},"end":{"line":13,"column":57}},"type":"default-arg","locations":[{"start":{"line":13,"column":48},"end":{"line":13,"column":57}}],"line":13}},"s":{"0":3},"f":{"0":3},"b":{"0":[0],"1":[0]},"_coverageSchema":"1a1c01bbd47fc00a2c39e90264f33305004495a9","hash":"39320bf0ae6abff8f064f4d1b1722ff29d8b7009"}
,"E:\\Personal-Project\\dali\\dali-mobile\\src\\components\\outfit\\icons\\HeartIcon.tsx": {"path":"E:\\Personal-Project\\dali\\dali-mobile\\src\\components\\outfit\\icons\\HeartIcon.tsx","statementMap":{"0":{"start":{"line":14,"column":2},"end":{"line":18,"column":4}}},"fnMap":{"0":{"name":"HeartIcon","decl":{"start":{"line":13,"column":16},"end":{"line":13,"column":25}},"loc":{"start":{"line":13,"column":76},"end":{"line":19,"column":1}},"line":13}},"branchMap":{"0":{"loc":{"start":{"line":13,"column":28},"end":{"line":13,"column":37}},"type":"default-arg","locations":[{"start":{"line":13,"column":35},"end":{"line":13,"column":37}}],"line":13},"1":{"loc":{"start":{"line":13,"column":39},"end":{"line":13,"column":56}},"type":"default-arg","locations":[{"start":{"line":13,"column":47},"end":{"line":13,"column":56}}],"line":13}},"s":{"0":5},"f":{"0":5},"b":{"0":[0],"1":[0]},"_coverageSchema":"1a1c01bbd47fc00a2c39e90264f33305004495a9","hash":"eec82e6d63c3633fca8762e7362ca6675f12c6f4"}
,"E:\\Personal-Project\\dali\\dali-mobile\\src\\components\\outfit\\icons\\HouseIcon.tsx": {"path":"E:\\Personal-Project\\dali\\dali-mobile\\src\\components\\outfit\\icons\\HouseIcon.tsx","statementMap":{"0":{"start":{"line":14,"column":2},"end":{"line":18,"column":4}}},"fnMap":{"0":{"name":"HouseIcon","decl":{"start":{"line":13,"column":16},"end":{"line":13,"column":25}},"loc":{"start":{"line":13,"column":76},"end":{"line":19,"column":1}},"line":13}},"branchMap":{"0":{"loc":{"start":{"line":13,"column":28},"end":{"line":13,"column":37}},"type":"default-arg","locations":[{"start":{"line":13,"column":35},"end":{"line":13,"column":37}}],"line":13},"1":{"loc":{"start":{"line":13,"column":39},"end":{"line":13,"column":56}},"type":"default-arg","locations":[{"start":{"line":13,"column":47},"end":{"line":13,"column":56}}],"line":13}},"s":{"0":3},"f":{"0":3},"b":{"0":[0],"1":[0]},"_coverageSchema":"1a1c01bbd47fc00a2c39e90264f33305004495a9","hash":"69a47092b97a02784ab89da10903f675a660f246"}
,"E:\\Personal-Project\\dali\\dali-mobile\\src\\components\\outfit\\icons\\PeopleIcon.tsx": {"path":"E:\\Personal-Project\\dali\\dali-mobile\\src\\components\\outfit\\icons\\PeopleIcon.tsx","statementMap":{"0":{"start":{"line":14,"column":2},"end":{"line":26,"column":4}}},"fnMap":{"0":{"name":"PeopleIcon","decl":{"start":{"line":13,"column":16},"end":{"line":13,"column":26}},"loc":{"start":{"line":13,"column":78},"end":{"line":27,"column":1}},"line":13}},"branchMap":{"0":{"loc":{"start":{"line":13,"column":29},"end":{"line":13,"column":38}},"type":"default-arg","locations":[{"start":{"line":13,"column":36},"end":{"line":13,"column":38}}],"line":13},"1":{"loc":{"start":{"line":13,"column":40},"end":{"line":13,"column":57}},"type":"default-arg","locations":[{"start":{"line":13,"column":48},"end":{"line":13,"column":57}}],"line":13}},"s":{"0":3},"f":{"0":3},"b":{"0":[0],"1":[0]},"_coverageSchema":"1a1c01bbd47fc00a2c39e90264f33305004495a9","hash":"1b8fe1356c572acd9e86236e6dc71bda2860f462"}
,"E:\\Personal-Project\\dali\\dali-mobile\\src\\components\\outfit\\icons\\index.ts": {"path":"E:\\Personal-Project\\dali\\dali-mobile\\src\\components\\outfit\\icons\\index.ts","statementMap":{},"fnMap":{},"branchMap":{},"s":{},"f":{},"b":{},"_coverageSchema":"1a1c01bbd47fc00a2c39e90264f33305004495a9","hash":"10075d8c9da984d90cec6e063fa9952fd9762b6d"}
,"E:\\Personal-Project\\dali\\dali-mobile\\src\\constants\\api.ts": {"path":"E:\\Personal-Project\\dali\\dali-mobile\\src\\constants\\api.ts","statementMap":{"0":{"start":{"line":9,"column":28},"end":{"line":11,"column":37}},"1":{"start":{"line":14,"column":27},"end":{"line":14,"column":31}},"2":{"start":{"line":17,"column":29},"end":{"line":69,"column":10}},"3":{"start":{"line":40,"column":28},"end":{"line":40,"column":44}},"4":{"start":{"line":41,"column":26},"end":{"line":41,"column":47}},"5":{"start":{"line":42,"column":26},"end":{"line":42,"column":47}},"6":{"start":{"line":43,"column":28},"end":{"line":43,"column":44}},"7":{"start":{"line":50,"column":32},"end":{"line":50,"column":55}},"8":{"start":{"line":72,"column":27},"end":{"line":72,"column":32}},"9":{"start":{"line":75,"column":25},"end":{"line":78,"column":10}}},"fnMap":{"0":{"name":"(anonymous_0)","decl":{"start":{"line":40,"column":12},"end":{"line":40,"column":13}},"loc":{"start":{"line":40,"column":28},"end":{"line":40,"column":44}},"line":40},"1":{"name":"(anonymous_1)","decl":{"start":{"line":41,"column":10},"end":{"line":41,"column":11}},"loc":{"start":{"line":41,"column":26},"end":{"line":41,"column":47}},"line":41},"2":{"name":"(anonymous_2)","decl":{"start":{"line":42,"column":10},"end":{"line":42,"column":11}},"loc":{"start":{"line":42,"column":26},"end":{"line":42,"column":47}},"line":42},"3":{"name":"(anonymous_3)","decl":{"start":{"line":43,"column":12},"end":{"line":43,"column":13}},"loc":{"start":{"line":43,"column":28},"end":{"line":43,"column":44}},"line":43},"4":{"name":"(anonymous_4)","decl":{"start":{"line":50,"column":16},"end":{"line":50,"column":17}},"loc":{"start":{"line":50,"column":32},"end":{"line":50,"column":55}},"line":50}},"branchMap":{"0":{"loc":{"start":{"line":9,"column":28},"end":{"line":11,"column":37}},"type":"cond-expr","locations":[{"start":{"line":10,"column":4},"end":{"line":10,"column":34}},{"start":{"line":11,"column":4},"end":{"line":11,"column":37}}],"line":9}},"s":{"0":2,"1":2,"2":2,"3":0,"4":0,"5":0,"6":0,"7":0,"8":2,"9":2},"f":{"0":0,"1":0,"2":0,"3":0,"4":0},"b":{"0":[2,0]},"_coverageSchema":"1a1c01bbd47fc00a2c39e90264f33305004495a9","hash":"217dbe36c9668ae12e4dc1d5ddedec06fa38b1da"}
,"E:\\Personal-Project\\dali\\dali-mobile\\src\\constants\\colors.ts": {"path":"E:\\Personal-Project\\dali\\dali-mobile\\src\\constants\\colors.ts","statementMap":{"0":{"start":{"line":8,"column":22},"end":{"line":41,"column":10}}},"fnMap":{},"branchMap":{},"s":{"0":2},"f":{},"b":{},"_coverageSchema":"1a1c01bbd47fc00a2c39e90264f33305004495a9","hash":"1e7062371894c4a455f425a4b6c0d3c90f785e23"}
,"E:\\Personal-Project\\dali\\dali-mobile\\src\\constants\\index.ts": {"path":"E:\\Personal-Project\\dali\\dali-mobile\\src\\constants\\index.ts","statementMap":{},"fnMap":{},"branchMap":{},"s":{},"f":{},"b":{},"_coverageSchema":"1a1c01bbd47fc00a2c39e90264f33305004495a9","hash":"78d8e476e2a7cf425a0d74b4fe5664427eae19e6"}
,"E:\\Personal-Project\\dali\\dali-mobile\\src\\constants\\spacing.ts": {"path":"E:\\Personal-Project\\dali\\dali-mobile\\src\\constants\\spacing.ts","statementMap":{"0":{"start":{"line":8,"column":23},"end":{"line":32,"column":10}},"1":{"start":{"line":35,"column":28},"end":{"line":50,"column":10}},"2":{"start":{"line":53,"column":23},"end":{"line":80,"column":10}}},"fnMap":{},"branchMap":{},"s":{"0":2,"1":2,"2":2},"f":{},"b":{},"_coverageSchema":"1a1c01bbd47fc00a2c39e90264f33305004495a9","hash":"b77811ed8005e105231df67b10da29bd8a11b519"}
,"E:\\Personal-Project\\dali\\dali-mobile\\src\\constants\\typography.ts": {"path":"E:\\Personal-Project\\dali\\dali-mobile\\src\\constants\\typography.ts","statementMap":{"0":{"start":{"line":13,"column":26},"end":{"line":90,"column":10}}},"fnMap":{},"branchMap":{},"s":{"0":2},"f":{},"b":{},"_coverageSchema":"1a1c01bbd47fc00a2c39e90264f33305004495a9","hash":"2936d319c7e458363caf174d121afd812412abb5"}
}
