TN:
SF:src\components\outfit\OccasionIcon.tsx
FN:75,isValidOccasionType
FN:96,OccasionIcon
FN:134,getAllOccasionTypes
FNF:3
FNH:3
FNDA:9,isValidOccasionType
FNDA:26,OccasionIcon
FNDA:1,getAllOccasionTypes
DA:51,1
DA:63,1
DA:76,9
DA:103,26
DA:105,26
DA:107,1
DA:110,25
DA:112,25
DA:135,1
DA:138,1
LF:10
LH:10
BRDA:98,0,0,25
BRDA:99,1,0,25
BRDA:100,2,0,19
BRDA:105,3,0,1
BRDA:105,3,1,25
BRDA:119,4,0,25
BRDA:119,4,1,7
BRF:7
BRH:7
end_of_record
TN:
SF:src\components\outfit\StyleTagChip.tsx
FN:44,SingleChip
FN:47,(anonymous_1)
FN:54,(anonymous_2)
FN:61,(anonymous_3)
FN:136,StyleTagChip
FN:155,(anonymous_5)
FN:161,(anonymous_6)
FN:182,LegacyStyleTagChip
FNF:8
FNH:6
FNDA:21,SingleChip
FNDA:0,(anonymous_1)
FNDA:0,(anonymous_2)
FNDA:21,(anonymous_3)
FNDA:13,StyleTagChip
FNDA:17,(anonymous_5)
FNDA:2,(anonymous_6)
FNDA:4,LegacyStyleTagChip
DA:45,21
DA:47,21
DA:48,0
DA:54,21
DA:55,0
DA:61,21
DA:65,21
DA:66,21
DA:67,21
DA:69,21
DA:74,21
DA:85,21
DA:86,16
DA:108,5
DA:142,13
DA:143,2
DA:147,11
DA:149,11
DA:156,17
DA:161,2
DA:188,4
DA:190,4
DA:199,1
LF:23
LH:21
BRDA:67,0,0,2
BRDA:67,0,1,19
BRDA:69,1,0,16
BRDA:69,1,1,5
BRDA:77,2,0,16
BRDA:77,2,1,5
BRDA:85,3,0,16
BRDA:85,3,1,5
BRDA:138,4,0,0
BRDA:139,5,0,11
BRDA:142,6,0,2
BRDA:142,6,1,11
BRDA:142,7,0,13
BRDA:142,7,1,12
BRDA:153,8,0,8
BRDA:153,8,1,3
BRDA:161,9,0,2
BRDA:161,9,1,15
BRDA:184,10,0,0
BRDA:185,11,0,2
BRDA:188,12,0,1
BRDA:188,12,1,3
BRF:22
BRH:20
end_of_record
TN:
SF:src\components\outfit\icons\BriefcaseIcon.tsx
FN:13,BriefcaseIcon
FNF:1
FNH:1
FNDA:3,BriefcaseIcon
DA:14,3
LF:1
LH:1
BRDA:13,0,0,0
BRDA:13,1,0,0
BRF:2
BRH:0
end_of_record
TN:
SF:src\components\outfit\icons\BuildingIcon.tsx
FN:13,BuildingIcon
FNF:1
FNH:1
FNDA:8,BuildingIcon
DA:14,8
LF:1
LH:1
BRDA:13,0,0,0
BRDA:13,1,0,0
BRF:2
BRH:0
end_of_record
TN:
SF:src\components\outfit\icons\CoffeeIcon.tsx
FN:13,CoffeeIcon
FNF:1
FNH:1
FNDA:3,CoffeeIcon
DA:14,3
LF:1
LH:1
BRDA:13,0,0,0
BRDA:13,1,0,0
BRF:2
BRH:0
end_of_record
TN:
SF:src\components\outfit\icons\HeartIcon.tsx
FN:13,HeartIcon
FNF:1
FNH:1
FNDA:5,HeartIcon
DA:14,5
LF:1
LH:1
BRDA:13,0,0,0
BRDA:13,1,0,0
BRF:2
BRH:0
end_of_record
TN:
SF:src\components\outfit\icons\HouseIcon.tsx
FN:13,HouseIcon
FNF:1
FNH:1
FNDA:3,HouseIcon
DA:14,3
LF:1
LH:1
BRDA:13,0,0,0
BRDA:13,1,0,0
BRF:2
BRH:0
end_of_record
TN:
SF:src\components\outfit\icons\PeopleIcon.tsx
FN:13,PeopleIcon
FNF:1
FNH:1
FNDA:3,PeopleIcon
DA:14,3
LF:1
LH:1
BRDA:13,0,0,0
BRDA:13,1,0,0
BRF:2
BRH:0
end_of_record
TN:
SF:src\components\outfit\icons\index.ts
FNF:0
FNH:0
LF:0
LH:0
BRF:0
BRH:0
end_of_record
TN:
SF:src\constants\api.ts
FN:40,(anonymous_0)
FN:41,(anonymous_1)
FN:42,(anonymous_2)
FN:43,(anonymous_3)
FN:50,(anonymous_4)
FNF:5
FNH:0
FNDA:0,(anonymous_0)
FNDA:0,(anonymous_1)
FNDA:0,(anonymous_2)
FNDA:0,(anonymous_3)
FNDA:0,(anonymous_4)
DA:9,2
DA:14,2
DA:17,2
DA:40,0
DA:41,0
DA:42,0
DA:43,0
DA:50,0
DA:72,2
DA:75,2
LF:10
LH:5
BRDA:9,0,0,2
BRDA:9,0,1,0
BRF:2
BRH:1
end_of_record
TN:
SF:src\constants\colors.ts
FNF:0
FNH:0
DA:8,2
LF:1
LH:1
BRF:0
BRH:0
end_of_record
TN:
SF:src\constants\index.ts
FNF:0
FNH:0
LF:0
LH:0
BRF:0
BRH:0
end_of_record
TN:
SF:src\constants\spacing.ts
FNF:0
FNH:0
DA:8,2
DA:35,2
DA:53,2
LF:3
LH:3
BRF:0
BRH:0
end_of_record
TN:
SF:src\constants\typography.ts
FNF:0
FNH:0
DA:13,2
LF:1
LH:1
BRF:0
BRH:0
end_of_record
